<?xml version="1.0" encoding="UTF-8"?>
<robot generator="Robot 3.2.1 (Python 3.8.2 on win32)" generated="20200608 15:09:44.415" rpa="false">
<suite id="s1" name="TestCases" source="C:\Users\poje\PycharmProjects\AutomationRobot\TestCases">
<suite id="s1-s1" name="LoginTest" source="C:\Users\poje\PycharmProjects\AutomationRobot\TestCases\LoginTest.robot">
<test id="s1-s1-t1" name="LoginTest">
<kw name="Open my Browser" library="LoginKeywords">
<arguments>
<arg>${url}</arg>
<arg>${browser}</arg>
</arguments>
<kw name="Open Browser" library="SeleniumLibrary">
<doc>Opens a new browser instance to the given ``url``.</doc>
<arguments>
<arg>${url}</arg>
<arg>${browser}</arg>
</arguments>
<msg timestamp="20200608 15:09:44.909" level="INFO">Opening browser 'headlesschrome' to base url 'http://newtours.demoaut.com/'.</msg>
<status status="PASS" starttime="20200608 15:09:44.908" endtime="20200608 15:09:56.941"></status>
</kw>
<kw name="Maximize Browser Window" library="SeleniumLibrary">
<doc>Maximizes current browser window.</doc>
<status status="PASS" starttime="20200608 15:09:56.941" endtime="20200608 15:09:59.050"></status>
</kw>
<status status="PASS" starttime="20200608 15:09:44.908" endtime="20200608 15:09:59.051"></status>
</kw>
<kw name="Enter UserName" library="LoginKeywords">
<arguments>
<arg>${username}</arg>
</arguments>
<kw name="Input Text" library="SeleniumLibrary">
<doc>Types the given ``text`` into text field identified by ``locator``.</doc>
<arguments>
<arg>${txt_loginUserName}</arg>
<arg>${username}</arg>
</arguments>
<msg timestamp="20200608 15:09:59.052" level="INFO">Typing text 'tutorial' into text field 'name:userName'.</msg>
<status status="PASS" starttime="20200608 15:09:59.052" endtime="20200608 15:09:59.188"></status>
</kw>
<status status="PASS" starttime="20200608 15:09:59.051" endtime="20200608 15:09:59.189"></status>
</kw>
<kw name="Enter Password" library="LoginKeywords">
<arguments>
<arg>${password}</arg>
</arguments>
<kw name="Input Text" library="SeleniumLibrary">
<doc>Types the given ``text`` into text field identified by ``locator``.</doc>
<arguments>
<arg>${txt_loginPassword}</arg>
<arg>${password}</arg>
</arguments>
<msg timestamp="20200608 15:09:59.190" level="INFO">Typing text 'tutorial' into text field 'name:password'.</msg>
<status status="PASS" starttime="20200608 15:09:59.190" endtime="20200608 15:09:59.287"></status>
</kw>
<status status="PASS" starttime="20200608 15:09:59.189" endtime="20200608 15:09:59.287"></status>
</kw>
<kw name="Click SignIn" library="LoginKeywords">
<kw name="Click Button" library="SeleniumLibrary">
<doc>Clicks button identified by ``locator``.</doc>
<arguments>
<arg>${btn_signIn}</arg>
</arguments>
<msg timestamp="20200608 15:09:59.288" level="INFO">Clicking button 'xpath://input[@name='login']'.</msg>
<status status="PASS" starttime="20200608 15:09:59.288" endtime="20200608 15:10:05.011"></status>
</kw>
<status status="PASS" starttime="20200608 15:09:59.287" endtime="20200608 15:10:05.011"></status>
</kw>
<kw name="Sleep" library="BuiltIn">
<doc>Pauses the test executed for the given time.</doc>
<arguments>
<arg>3</arg>
</arguments>
<msg timestamp="20200608 15:10:08.015" level="INFO">Slept 3 seconds</msg>
<status status="PASS" starttime="20200608 15:10:05.012" endtime="20200608 15:10:08.015"></status>
</kw>
<kw name="Verify Succesfull Login" library="LoginKeywords">
<kw name="Title Should Be" library="SeleniumLibrary">
<doc>Verifies that current page title equals ``title``.</doc>
<arguments>
<arg>Find a Flight: Mercury Tours:</arg>
</arguments>
<msg timestamp="20200608 15:10:08.025" level="INFO">Page title is 'Find a Flight: Mercury Tours:'.</msg>
<status status="PASS" starttime="20200608 15:10:08.016" endtime="20200608 15:10:08.025"></status>
</kw>
<status status="PASS" starttime="20200608 15:10:08.016" endtime="20200608 15:10:08.025"></status>
</kw>
<kw name="Close my browsers" library="LoginKeywords">
<kw name="Close All Browsers" library="SeleniumLibrary">
<doc>Closes all open browsers and resets the browser cache.</doc>
<status status="PASS" starttime="20200608 15:10:08.026" endtime="20200608 15:10:10.173"></status>
</kw>
<status status="PASS" starttime="20200608 15:10:08.026" endtime="20200608 15:10:10.174"></status>
</kw>
<status status="PASS" starttime="20200608 15:09:44.907" endtime="20200608 15:10:10.175" critical="yes"></status>
</test>
<status status="PASS" starttime="20200608 15:09:44.481" endtime="20200608 15:10:10.179"></status>
</suite>
<suite id="s1-s2" name="RegistrationTest" source="C:\Users\poje\PycharmProjects\AutomationRobot\TestCases\RegistrationTest.robot">
<test id="s1-s2-t1" name="RegisterTest">
<kw name="Open my Browser" library="RegistrationKeywords">
<arguments>
<arg>${url}</arg>
<arg>${browser}</arg>
</arguments>
<kw name="Open Browser" library="SeleniumLibrary">
<doc>Opens a new browser instance to the given ``url``.</doc>
<arguments>
<arg>${url}</arg>
<arg>${browser}</arg>
</arguments>
<msg timestamp="20200608 15:10:10.252" level="INFO">Opening browser 'headlesschrome' to base url 'http://newtours.demoaut.com/'.</msg>
<status status="PASS" starttime="20200608 15:10:10.251" endtime="20200608 15:10:14.957"></status>
</kw>
<kw name="Maximize Browser Window" library="SeleniumLibrary">
<doc>Maximizes current browser window.</doc>
<status status="PASS" starttime="20200608 15:10:14.957" endtime="20200608 15:10:17.072"></status>
</kw>
<status status="PASS" starttime="20200608 15:10:10.249" endtime="20200608 15:10:17.072"></status>
</kw>
<kw name="Set Selenium Implicit Wait" library="SeleniumLibrary">
<doc>Sets the implicit wait value used by Selenium.</doc>
<arguments>
<arg>10</arg>
</arguments>
<status status="PASS" starttime="20200608 15:10:17.073" endtime="20200608 15:10:17.075"></status>
</kw>
<kw name="Click Register Link" library="RegistrationKeywords">
<kw name="Click Link" library="SeleniumLibrary">
<doc>Clicks a link identified by ``locator``.</doc>
<arguments>
<arg>${link_Reg}</arg>
</arguments>
<msg timestamp="20200608 15:10:17.076" level="INFO">Clicking link 'link:REGISTER'.</msg>
<status status="PASS" starttime="20200608 15:10:17.075" endtime="20200608 15:10:17.824"></status>
</kw>
<status status="PASS" starttime="20200608 15:10:17.075" endtime="20200608 15:10:17.824"></status>
</kw>
<kw name="EnterFirstName" library="RegistrationKeywords">
<arguments>
<arg>Marko</arg>
</arguments>
<kw name="Input Text" library="SeleniumLibrary">
<doc>Types the given ``text`` into text field identified by ``locator``.</doc>
<arguments>
<arg>${txt_firstName}</arg>
<arg>${firstname}</arg>
</arguments>
<msg timestamp="20200608 15:10:17.827" level="INFO">Typing text 'Marko' into text field 'name:firstName'.</msg>
<status status="PASS" starttime="20200608 15:10:17.827" endtime="20200608 15:10:17.975"></status>
</kw>
<status status="PASS" starttime="20200608 15:10:17.826" endtime="20200608 15:10:17.976"></status>
</kw>
<kw name="EnterLastName" library="RegistrationKeywords">
<arguments>
<arg>Mar</arg>
</arguments>
<kw name="Input Text" library="SeleniumLibrary">
<doc>Types the given ``text`` into text field identified by ``locator``.</doc>
<arguments>
<arg>${txt_lastName}</arg>
<arg>${Lastname}</arg>
</arguments>
<msg timestamp="20200608 15:10:17.979" level="INFO">Typing text 'Mar' into text field 'name:lastName'.</msg>
<status status="PASS" starttime="20200608 15:10:17.978" endtime="20200608 15:10:18.119"></status>
</kw>
<status status="PASS" starttime="20200608 15:10:17.977" endtime="20200608 15:10:18.119"></status>
</kw>
<kw name="SendRegistration" library="RegistrationKeywords">
<kw name="Click Element" library="SeleniumLibrary">
<doc>Click element identified by ``locator``.</doc>
<arguments>
<arg>${btn_register}</arg>
</arguments>
<msg timestamp="20200608 15:10:18.120" level="INFO">Clicking element 'xpath://input[@name='register']'.</msg>
<status status="PASS" starttime="20200608 15:10:18.120" endtime="20200608 15:10:19.620"></status>
</kw>
<status status="PASS" starttime="20200608 15:10:18.119" endtime="20200608 15:10:19.621"></status>
</kw>
<kw name="VerifySuccesfullRegistration" library="RegistrationKeywords">
<kw name="Page Should Contain" library="SeleniumLibrary">
<doc>Verifies that current page contains ``text``.</doc>
<arguments>
<arg>Thank you for registering.</arg>
</arguments>
<msg timestamp="20200608 15:10:19.640" level="INFO">Current page contains text 'Thank you for registering.'.</msg>
<status status="PASS" starttime="20200608 15:10:19.622" endtime="20200608 15:10:19.640"></status>
</kw>
<status status="PASS" starttime="20200608 15:10:19.621" endtime="20200608 15:10:19.640"></status>
</kw>
<kw name="Closemybrowsers" library="RegistrationKeywords">
<kw name="Close All Browsers" library="SeleniumLibrary">
<doc>Closes all open browsers and resets the browser cache.</doc>
<status status="PASS" starttime="20200608 15:10:19.641" endtime="20200608 15:10:21.792"></status>
</kw>
<status status="PASS" starttime="20200608 15:10:19.641" endtime="20200608 15:10:21.792"></status>
</kw>
<status status="PASS" starttime="20200608 15:10:10.248" endtime="20200608 15:10:21.793" critical="yes"></status>
</test>
<status status="PASS" starttime="20200608 15:10:10.188" endtime="20200608 15:10:21.795"></status>
</suite>
<status status="PASS" starttime="20200608 15:09:44.419" endtime="20200608 15:10:21.802"></status>
</suite>
<statistics>
<total>
<stat pass="2" fail="0">Critical Tests</stat>
<stat pass="2" fail="0">All Tests</stat>
</total>
<tag>
</tag>
<suite>
<stat pass="2" fail="0" id="s1" name="TestCases">TestCases</stat>
<stat pass="1" fail="0" id="s1-s1" name="LoginTest">TestCases.LoginTest</stat>
<stat pass="1" fail="0" id="s1-s2" name="RegistrationTest">TestCases.RegistrationTest</stat>
</suite>
</statistics>
<errors>
</errors>
</robot>
