<?xml version="1.0" encoding="UTF-8"?>
<robot generator="Robot 3.2.1 (Python 3.8.2 on win32)" generated="20200608 12:15:17.324" rpa="false">
<suite id="s1" name="TestCases" source="C:\Users\poje\PycharmProjects\AutomationRobot\TestCases">
<suite id="s1-s1" name="LoginTest" source="C:\Users\poje\PycharmProjects\AutomationRobot\TestCases\LoginTest.robot">
<test id="s1-s1-t1" name="LoginTest">
<kw name="Open my Browser" library="LoginKeywords">
<arguments>
<arg>${url}</arg>
<arg>${browser}</arg>
</arguments>
<kw name="Open Browser" library="SeleniumLibrary">
<doc>Opens a new browser instance to the given ``url``.</doc>
<arguments>
<arg>${url}</arg>
<arg>${browser}</arg>
</arguments>
<msg timestamp="20200608 12:15:17.643" level="INFO">Opening browser 'chrome' to base url 'http://newtours.demoaut.com/'.</msg>
<status status="PASS" starttime="20200608 12:15:17.643" endtime="20200608 12:15:22.486"></status>
</kw>
<kw name="Maximize Browser Window" library="SeleniumLibrary">
<doc>Maximizes current browser window.</doc>
<status status="PASS" starttime="20200608 12:15:22.486" endtime="20200608 12:15:24.617"></status>
</kw>
<status status="PASS" starttime="20200608 12:15:17.642" endtime="20200608 12:15:24.618"></status>
</kw>
<kw name="Enter UserName" library="LoginKeywords">
<arguments>
<arg>${username}</arg>
</arguments>
<kw name="Input Text" library="SeleniumLibrary">
<doc>Types the given ``text`` into text field identified by ``locator``.</doc>
<arguments>
<arg>${txt_loginUserName}</arg>
<arg>${username}</arg>
</arguments>
<msg timestamp="20200608 12:15:24.625" level="INFO">Typing text 'tutorial' into text field 'name:userName'.</msg>
<status status="PASS" starttime="20200608 12:15:24.623" endtime="20200608 12:15:24.824"></status>
</kw>
<status status="PASS" starttime="20200608 12:15:24.620" endtime="20200608 12:15:24.825"></status>
</kw>
<kw name="Enter Password" library="LoginKeywords">
<arguments>
<arg>${password}</arg>
</arguments>
<kw name="Input Text" library="SeleniumLibrary">
<doc>Types the given ``text`` into text field identified by ``locator``.</doc>
<arguments>
<arg>${txt_loginPassword}</arg>
<arg>${password}</arg>
</arguments>
<msg timestamp="20200608 12:15:24.828" level="INFO">Typing text 'tutorial' into text field 'name:password'.</msg>
<status status="PASS" starttime="20200608 12:15:24.827" endtime="20200608 12:15:25.013"></status>
</kw>
<status status="PASS" starttime="20200608 12:15:24.826" endtime="20200608 12:15:25.014"></status>
</kw>
<kw name="Click SignIn" library="LoginKeywords">
<kw name="Click Button" library="SeleniumLibrary">
<doc>Clicks button identified by ``locator``.</doc>
<arguments>
<arg>${btn_signIn}</arg>
</arguments>
<msg timestamp="20200608 12:15:25.015" level="INFO">Clicking button 'xpath://input[@name='login']'.</msg>
<status status="PASS" starttime="20200608 12:15:25.015" endtime="20200608 12:15:30.776"></status>
</kw>
<status status="PASS" starttime="20200608 12:15:25.014" endtime="20200608 12:15:30.777"></status>
</kw>
<kw name="Sleep" library="BuiltIn">
<doc>Pauses the test executed for the given time.</doc>
<arguments>
<arg>3</arg>
</arguments>
<msg timestamp="20200608 12:15:33.779" level="INFO">Slept 3 seconds</msg>
<status status="PASS" starttime="20200608 12:15:30.778" endtime="20200608 12:15:33.780"></status>
</kw>
<kw name="Verify Succesfull Login" library="LoginKeywords">
<kw name="Title Should Be" library="SeleniumLibrary">
<doc>Verifies that current page title equals ``title``.</doc>
<arguments>
<arg>Find a Flight: Mercury Tours:</arg>
</arguments>
<msg timestamp="20200608 12:15:33.798" level="INFO">Page title is 'Find a Flight: Mercury Tours:'.</msg>
<status status="PASS" starttime="20200608 12:15:33.783" endtime="20200608 12:15:33.799"></status>
</kw>
<status status="PASS" starttime="20200608 12:15:33.781" endtime="20200608 12:15:33.799"></status>
</kw>
<kw name="Close my browsers" library="LoginKeywords">
<kw name="Close All Browsers" library="SeleniumLibrary">
<doc>Closes all open browsers and resets the browser cache.</doc>
<status status="PASS" starttime="20200608 12:15:33.802" endtime="20200608 12:15:36.272"></status>
</kw>
<status status="PASS" starttime="20200608 12:15:33.801" endtime="20200608 12:15:36.273"></status>
</kw>
<status status="PASS" starttime="20200608 12:15:17.641" endtime="20200608 12:15:36.275" critical="yes"></status>
</test>
<status status="PASS" starttime="20200608 12:15:17.368" endtime="20200608 12:15:36.282"></status>
</suite>
<suite id="s1-s2" name="RegistrationTest" source="C:\Users\poje\PycharmProjects\AutomationRobot\TestCases\RegistrationTest.robot">
<test id="s1-s2-t1" name="RegisterTest">
<kw name="Open my Browser" library="RegistrationKeywords">
<arguments>
<arg>${url}</arg>
<arg>${browser}</arg>
</arguments>
<kw name="Open Browser" library="SeleniumLibrary">
<doc>Opens a new browser instance to the given ``url``.</doc>
<arguments>
<arg>${url}</arg>
<arg>${browser}</arg>
</arguments>
<msg timestamp="20200608 12:15:36.322" level="INFO">Opening browser 'chrome' to base url 'http://newtours.demoaut.com/'.</msg>
<status status="PASS" starttime="20200608 12:15:36.322" endtime="20200608 12:15:40.977"></status>
</kw>
<kw name="Maximize Browser Window" library="SeleniumLibrary">
<doc>Maximizes current browser window.</doc>
<status status="PASS" starttime="20200608 12:15:40.977" endtime="20200608 12:15:43.116"></status>
</kw>
<status status="PASS" starttime="20200608 12:15:36.321" endtime="20200608 12:15:43.116"></status>
</kw>
<kw name="Click Register Link" library="RegistrationKeywords">
<kw name="Click Link" library="SeleniumLibrary">
<doc>Clicks a link identified by ``locator``.</doc>
<arguments>
<arg>${link_Reg}</arg>
</arguments>
<msg timestamp="20200608 12:15:43.119" level="INFO">Clicking link 'link:REGISTER'.</msg>
<status status="PASS" starttime="20200608 12:15:43.118" endtime="20200608 12:15:43.924"></status>
</kw>
<status status="PASS" starttime="20200608 12:15:43.117" endtime="20200608 12:15:43.925"></status>
</kw>
<kw name="EnterFirstName" library="RegistrationKeywords">
<arguments>
<arg>Marko</arg>
</arguments>
<kw name="Input Text" library="SeleniumLibrary">
<doc>Types the given ``text`` into text field identified by ``locator``.</doc>
<arguments>
<arg>${txt_firstName}</arg>
<arg>${firstname}</arg>
</arguments>
<msg timestamp="20200608 12:15:43.926" level="INFO">Typing text 'Marko' into text field 'name:firstName'.</msg>
<status status="PASS" starttime="20200608 12:15:43.926" endtime="20200608 12:15:44.111"></status>
</kw>
<status status="PASS" starttime="20200608 12:15:43.925" endtime="20200608 12:15:44.111"></status>
</kw>
<kw name="EnterLastName" library="RegistrationKeywords">
<arguments>
<arg>Mar</arg>
</arguments>
<kw name="Input Text" library="SeleniumLibrary">
<doc>Types the given ``text`` into text field identified by ``locator``.</doc>
<arguments>
<arg>${txt_lastName}</arg>
<arg>${Lastname}</arg>
</arguments>
<msg timestamp="20200608 12:15:44.113" level="INFO">Typing text 'Mar' into text field 'name:lastName'.</msg>
<status status="PASS" starttime="20200608 12:15:44.113" endtime="20200608 12:15:44.260"></status>
</kw>
<status status="PASS" starttime="20200608 12:15:44.112" endtime="20200608 12:15:44.260"></status>
</kw>
<kw name="SendRegistration" library="RegistrationKeywords">
<kw name="Click Element" library="SeleniumLibrary">
<doc>Click element identified by ``locator``.</doc>
<arguments>
<arg>${btn_register}</arg>
</arguments>
<msg timestamp="20200608 12:15:44.262" level="INFO">Clicking element 'xpath://input[@name='register']'.</msg>
<status status="PASS" starttime="20200608 12:15:44.262" endtime="20200608 12:15:45.547"></status>
</kw>
<status status="PASS" starttime="20200608 12:15:44.261" endtime="20200608 12:15:45.548"></status>
</kw>
<kw name="VerifySuccesfullRegistration" library="RegistrationKeywords">
<kw name="Page Should Contain" library="SeleniumLibrary">
<doc>Verifies that current page contains ``text``.</doc>
<arguments>
<arg>Thank you for registering.</arg>
</arguments>
<msg timestamp="20200608 12:15:45.592" level="INFO">Current page contains text 'Thank you for registering.'.</msg>
<status status="PASS" starttime="20200608 12:15:45.552" endtime="20200608 12:15:45.592"></status>
</kw>
<status status="PASS" starttime="20200608 12:15:45.550" endtime="20200608 12:15:45.592"></status>
</kw>
<kw name="Closemybrowsers" library="RegistrationKeywords">
<kw name="Close All Browsers" library="SeleniumLibrary">
<doc>Closes all open browsers and resets the browser cache.</doc>
<status status="PASS" starttime="20200608 12:15:45.593" endtime="20200608 12:15:48.102"></status>
</kw>
<status status="PASS" starttime="20200608 12:15:45.593" endtime="20200608 12:15:48.103"></status>
</kw>
<status status="PASS" starttime="20200608 12:15:36.319" endtime="20200608 12:15:48.105" critical="yes"></status>
</test>
<status status="PASS" starttime="20200608 12:15:36.290" endtime="20200608 12:15:48.113"></status>
</suite>
<status status="PASS" starttime="20200608 12:15:17.327" endtime="20200608 12:15:48.123"></status>
</suite>
<statistics>
<total>
<stat pass="2" fail="0">Critical Tests</stat>
<stat pass="2" fail="0">All Tests</stat>
</total>
<tag>
</tag>
<suite>
<stat pass="2" fail="0" id="s1" name="TestCases">TestCases</stat>
<stat pass="1" fail="0" id="s1-s1" name="LoginTest">TestCases.LoginTest</stat>
<stat pass="1" fail="0" id="s1-s2" name="RegistrationTest">TestCases.RegistrationTest</stat>
</suite>
</statistics>
<errors>
</errors>
</robot>
