<?xml version="1.0" encoding="UTF-8"?>
<robot generator="Robot 3.2.1 (Python 3.8.2 on win32)" generated="20200608 15:24:37.287" rpa="false">
<suite id="s1" name="Suites">
<suite id="s1-s1" name="RegistrationTest" source="C:\Users\poje\PycharmProjects\AutomationRobot\TestCases\RegistrationTest.robot">
<test id="s1-s1-t1" name="RegisterTest">
<kw name="Open my Browser" library="RegistrationKeywords">
<arguments>
<arg>${url}</arg>
<arg>${browser}</arg>
</arguments>
<kw name="Open Browser" library="SeleniumLibrary">
<doc>Opens a new browser instance to the given ``url``.</doc>
<arguments>
<arg>${url}</arg>
<arg>${browser}</arg>
</arguments>
<msg timestamp="20200608 15:24:37.804" level="INFO">Opening browser 'headlesschrome' to base url 'http://newtours.demoaut.com/'.</msg>
<status status="PASS" starttime="20200608 15:24:37.803" endtime="20200608 15:24:49.507"></status>
</kw>
<kw name="Maximize Browser Window" library="SeleniumLibrary">
<doc>Maximizes current browser window.</doc>
<status status="PASS" starttime="20200608 15:24:49.507" endtime="20200608 15:24:51.619"></status>
</kw>
<status status="PASS" starttime="20200608 15:24:37.802" endtime="20200608 15:24:51.619"></status>
</kw>
<kw name="Set Selenium Implicit Wait" library="SeleniumLibrary">
<doc>Sets the implicit wait value used by Selenium.</doc>
<arguments>
<arg>10</arg>
</arguments>
<status status="PASS" starttime="20200608 15:24:51.619" endtime="20200608 15:24:51.620"></status>
</kw>
<kw name="Click Register Link" library="RegistrationKeywords">
<kw name="Click Link" library="SeleniumLibrary">
<doc>Clicks a link identified by ``locator``.</doc>
<arguments>
<arg>${link_Reg}</arg>
</arguments>
<msg timestamp="20200608 15:24:51.621" level="INFO">Clicking link 'link:REGISTER'.</msg>
<status status="PASS" starttime="20200608 15:24:51.621" endtime="20200608 15:24:52.332"></status>
</kw>
<status status="PASS" starttime="20200608 15:24:51.620" endtime="20200608 15:24:52.333"></status>
</kw>
<kw name="EnterFirstName" library="RegistrationKeywords">
<arguments>
<arg>Marko</arg>
</arguments>
<kw name="Input Text" library="SeleniumLibrary">
<doc>Types the given ``text`` into text field identified by ``locator``.</doc>
<arguments>
<arg>${txt_firstName}</arg>
<arg>${firstname}</arg>
</arguments>
<msg timestamp="20200608 15:24:52.334" level="INFO">Typing text 'Marko' into text field 'name:firstName'.</msg>
<status status="PASS" starttime="20200608 15:24:52.333" endtime="20200608 15:24:52.433"></status>
</kw>
<status status="PASS" starttime="20200608 15:24:52.333" endtime="20200608 15:24:52.434"></status>
</kw>
<kw name="EnterLastName" library="RegistrationKeywords">
<arguments>
<arg>Mar</arg>
</arguments>
<kw name="Input Text" library="SeleniumLibrary">
<doc>Types the given ``text`` into text field identified by ``locator``.</doc>
<arguments>
<arg>${txt_lastName}</arg>
<arg>${Lastname}</arg>
</arguments>
<msg timestamp="20200608 15:24:52.434" level="INFO">Typing text 'Mar' into text field 'name:lastName'.</msg>
<status status="PASS" starttime="20200608 15:24:52.434" endtime="20200608 15:24:52.527"></status>
</kw>
<status status="PASS" starttime="20200608 15:24:52.434" endtime="20200608 15:24:52.527"></status>
</kw>
<kw name="SendRegistration" library="RegistrationKeywords">
<kw name="Click Element" library="SeleniumLibrary">
<doc>Click element identified by ``locator``.</doc>
<arguments>
<arg>${btn_register}</arg>
</arguments>
<msg timestamp="20200608 15:24:52.528" level="INFO">Clicking element 'xpath://input[@name='register']'.</msg>
<status status="PASS" starttime="20200608 15:24:52.528" endtime="20200608 15:25:09.505"></status>
</kw>
<status status="PASS" starttime="20200608 15:24:52.527" endtime="20200608 15:25:09.506"></status>
</kw>
<kw name="VerifySuccesfullRegistration" library="RegistrationKeywords">
<kw name="Page Should Contain" library="SeleniumLibrary">
<doc>Verifies that current page contains ``text``.</doc>
<arguments>
<arg>Thank you for registering.</arg>
</arguments>
<msg timestamp="20200608 15:25:09.532" level="INFO">Current page contains text 'Thank you for registering.'.</msg>
<status status="PASS" starttime="20200608 15:25:09.507" endtime="20200608 15:25:09.532"></status>
</kw>
<status status="PASS" starttime="20200608 15:25:09.506" endtime="20200608 15:25:09.533"></status>
</kw>
<kw name="Closemybrowsers" library="RegistrationKeywords">
<kw name="Close All Browsers" library="SeleniumLibrary">
<doc>Closes all open browsers and resets the browser cache.</doc>
<status status="PASS" starttime="20200608 15:25:09.533" endtime="20200608 15:25:11.761"></status>
</kw>
<status status="PASS" starttime="20200608 15:25:09.533" endtime="20200608 15:25:11.761"></status>
</kw>
<status status="PASS" starttime="20200608 15:24:37.800" endtime="20200608 15:25:11.761" critical="yes"></status>
</test>
<status status="PASS" starttime="20200608 15:24:37.337" endtime="20200608 15:25:11.762"></status>
</suite>
<status status="PASS" starttime="20200608 15:24:37.291" endtime="20200608 15:25:11.765"></status>
</suite>
<statistics>
<total>
<stat pass="1" fail="0">Critical Tests</stat>
<stat pass="1" fail="0">All Tests</stat>
</total>
<tag>
</tag>
<suite>
<stat pass="1" fail="0" id="s1" name="Suites">Suites</stat>
<stat pass="1" fail="0" id="s1-s1" name="RegistrationTest">Suites.RegistrationTest</stat>
</suite>
</statistics>
<errors>
</errors>
</robot>
