<?xml version="1.0" encoding="UTF-8"?>
<robot generator="Robot 3.2.1 (Python 3.8.2 on win32)" generated="20200608 12:53:07.707" rpa="false">
<suite id="s1" name="Suites">
<suite id="s1-s1" name="LoginTest" source="C:\Users\poje\PycharmProjects\AutomationRobot\TestCases\LoginTest.robot">
<test id="s1-s1-t1" name="LoginTest">
<kw name="Open my Browser" library="LoginKeywords">
<arguments>
<arg>${url}</arg>
<arg>${browser}</arg>
</arguments>
<kw name="Open Browser" library="SeleniumLibrary">
<doc>Opens a new browser instance to the given ``url``.</doc>
<arguments>
<arg>${url}</arg>
<arg>${browser}</arg>
</arguments>
<msg timestamp="20200608 12:53:08.140" level="INFO">Opening browser 'chrome' to base url 'http://newtours.demoaut.com/'.</msg>
<status status="PASS" starttime="20200608 12:53:08.139" endtime="20200608 12:53:13.958"></status>
</kw>
<kw name="Maximize Browser Window" library="SeleniumLibrary">
<doc>Maximizes current browser window.</doc>
<status status="PASS" starttime="20200608 12:53:13.959" endtime="20200608 12:53:16.114"></status>
</kw>
<status status="PASS" starttime="20200608 12:53:08.138" endtime="20200608 12:53:16.116"></status>
</kw>
<kw name="Enter UserName" library="LoginKeywords">
<arguments>
<arg>${username}</arg>
</arguments>
<kw name="Input Text" library="SeleniumLibrary">
<doc>Types the given ``text`` into text field identified by ``locator``.</doc>
<arguments>
<arg>${txt_loginUserName}</arg>
<arg>${username}</arg>
</arguments>
<msg timestamp="20200608 12:53:16.120" level="INFO">Typing text 'tutorial' into text field 'name:userName'.</msg>
<status status="PASS" starttime="20200608 12:53:16.119" endtime="20200608 12:53:16.396"></status>
</kw>
<status status="PASS" starttime="20200608 12:53:16.117" endtime="20200608 12:53:16.397"></status>
</kw>
<kw name="Enter Password" library="LoginKeywords">
<arguments>
<arg>${password}</arg>
</arguments>
<kw name="Input Text" library="SeleniumLibrary">
<doc>Types the given ``text`` into text field identified by ``locator``.</doc>
<arguments>
<arg>${txt_loginPassword}</arg>
<arg>${password}</arg>
</arguments>
<msg timestamp="20200608 12:53:16.400" level="INFO">Typing text 'tutorial' into text field 'name:password'.</msg>
<status status="PASS" starttime="20200608 12:53:16.399" endtime="20200608 12:53:16.730"></status>
</kw>
<status status="PASS" starttime="20200608 12:53:16.398" endtime="20200608 12:53:16.730"></status>
</kw>
<kw name="Click SignIn" library="LoginKeywords">
<kw name="Click Button" library="SeleniumLibrary">
<doc>Clicks button identified by ``locator``.</doc>
<arguments>
<arg>${btn_signIn}</arg>
</arguments>
<msg timestamp="20200608 12:53:16.732" level="INFO">Clicking button 'xpath://input[@name='login']'.</msg>
<status status="PASS" starttime="20200608 12:53:16.731" endtime="20200608 12:53:22.743"></status>
</kw>
<status status="PASS" starttime="20200608 12:53:16.731" endtime="20200608 12:53:22.743"></status>
</kw>
<kw name="Sleep" library="BuiltIn">
<doc>Pauses the test executed for the given time.</doc>
<arguments>
<arg>3</arg>
</arguments>
<msg timestamp="20200608 12:53:25.745" level="INFO">Slept 3 seconds</msg>
<status status="PASS" starttime="20200608 12:53:22.743" endtime="20200608 12:53:25.745"></status>
</kw>
<kw name="Verify Succesfull Login" library="LoginKeywords">
<kw name="Title Should Be" library="SeleniumLibrary">
<doc>Verifies that current page title equals ``title``.</doc>
<arguments>
<arg>Find a Flight: Mercury Tours:</arg>
</arguments>
<msg timestamp="20200608 12:53:25.756" level="INFO">Page title is 'Find a Flight: Mercury Tours:'.</msg>
<status status="PASS" starttime="20200608 12:53:25.746" endtime="20200608 12:53:25.757"></status>
</kw>
<status status="PASS" starttime="20200608 12:53:25.745" endtime="20200608 12:53:25.757"></status>
</kw>
<kw name="Close my browsers" library="LoginKeywords">
<kw name="Close All Browsers" library="SeleniumLibrary">
<doc>Closes all open browsers and resets the browser cache.</doc>
<status status="PASS" starttime="20200608 12:53:25.758" endtime="20200608 12:53:28.405"></status>
</kw>
<status status="PASS" starttime="20200608 12:53:25.757" endtime="20200608 12:53:28.406"></status>
</kw>
<status status="PASS" starttime="20200608 12:53:08.137" endtime="20200608 12:53:28.406" critical="yes"></status>
</test>
<status status="PASS" starttime="20200608 12:53:07.765" endtime="20200608 12:53:28.409"></status>
</suite>
<status status="PASS" starttime="20200608 12:53:07.713" endtime="20200608 12:53:28.426"></status>
</suite>
<statistics>
<total>
<stat pass="1" fail="0">Critical Tests</stat>
<stat pass="1" fail="0">All Tests</stat>
</total>
<tag>
</tag>
<suite>
<stat pass="1" fail="0" id="s1" name="Suites">Suites</stat>
<stat pass="1" fail="0" id="s1-s1" name="LoginTest">Suites.LoginTest</stat>
</suite>
</statistics>
<errors>
</errors>
</robot>
