<?xml version="1.0" encoding="UTF-8"?>
<robot generator="Robot 3.2.1 (Python 3.8.2 on win32)" generated="20200608 12:53:07.648" rpa="false">
<suite id="s1" name="Suites">
<suite id="s1-s1" name="RegistrationTest" source="C:\Users\poje\PycharmProjects\AutomationRobot\TestCases\RegistrationTest.robot">
<test id="s1-s1-t1" name="RegisterTest">
<kw name="Open my Browser" library="RegistrationKeywords">
<arguments>
<arg>${url}</arg>
<arg>${browser}</arg>
</arguments>
<kw name="Open Browser" library="SeleniumLibrary">
<doc>Opens a new browser instance to the given ``url``.</doc>
<arguments>
<arg>${url}</arg>
<arg>${browser}</arg>
</arguments>
<msg timestamp="20200608 12:53:08.075" level="INFO">Opening browser 'chrome' to base url 'http://newtours.demoaut.com/'.</msg>
<status status="PASS" starttime="20200608 12:53:08.075" endtime="20200608 12:53:14.459"></status>
</kw>
<kw name="Maximize Browser Window" library="SeleniumLibrary">
<doc>Maximizes current browser window.</doc>
<status status="PASS" starttime="20200608 12:53:14.459" endtime="20200608 12:53:16.635"></status>
</kw>
<status status="PASS" starttime="20200608 12:53:08.073" endtime="20200608 12:53:16.636"></status>
</kw>
<kw name="Set Selenium Implicit Wait" library="SeleniumLibrary">
<doc>Sets the implicit wait value used by Selenium.</doc>
<arguments>
<arg>10</arg>
</arguments>
<status status="PASS" starttime="20200608 12:53:16.637" endtime="20200608 12:53:16.649"></status>
</kw>
<kw name="Click Register Link" library="RegistrationKeywords">
<kw name="Click Link" library="SeleniumLibrary">
<doc>Clicks a link identified by ``locator``.</doc>
<arguments>
<arg>${link_Reg}</arg>
</arguments>
<msg timestamp="20200608 12:53:16.657" level="INFO">Clicking link 'link:REGISTER'.</msg>
<status status="PASS" starttime="20200608 12:53:16.655" endtime="20200608 12:53:17.710"></status>
</kw>
<status status="PASS" starttime="20200608 12:53:16.651" endtime="20200608 12:53:17.711"></status>
</kw>
<kw name="EnterFirstName" library="RegistrationKeywords">
<arguments>
<arg>Marko</arg>
</arguments>
<kw name="Input Text" library="SeleniumLibrary">
<doc>Types the given ``text`` into text field identified by ``locator``.</doc>
<arguments>
<arg>${txt_firstName}</arg>
<arg>${firstname}</arg>
</arguments>
<msg timestamp="20200608 12:53:17.712" level="INFO">Typing text 'Marko' into text field 'name:firstName'.</msg>
<status status="PASS" starttime="20200608 12:53:17.712" endtime="20200608 12:53:17.911"></status>
</kw>
<status status="PASS" starttime="20200608 12:53:17.711" endtime="20200608 12:53:17.911"></status>
</kw>
<kw name="EnterLastName" library="RegistrationKeywords">
<arguments>
<arg>Mar</arg>
</arguments>
<kw name="Input Text" library="SeleniumLibrary">
<doc>Types the given ``text`` into text field identified by ``locator``.</doc>
<arguments>
<arg>${txt_lastName}</arg>
<arg>${Lastname}</arg>
</arguments>
<msg timestamp="20200608 12:53:17.912" level="INFO">Typing text 'Mar' into text field 'name:lastName'.</msg>
<status status="PASS" starttime="20200608 12:53:17.912" endtime="20200608 12:53:18.097"></status>
</kw>
<status status="PASS" starttime="20200608 12:53:17.911" endtime="20200608 12:53:18.097"></status>
</kw>
<kw name="SendRegistration" library="RegistrationKeywords">
<kw name="Click Element" library="SeleniumLibrary">
<doc>Click element identified by ``locator``.</doc>
<arguments>
<arg>${btn_register}</arg>
</arguments>
<msg timestamp="20200608 12:53:18.099" level="INFO">Clicking element 'xpath://input[@name='register']'.</msg>
<status status="PASS" starttime="20200608 12:53:18.098" endtime="20200608 12:53:19.503"></status>
</kw>
<status status="PASS" starttime="20200608 12:53:18.097" endtime="20200608 12:53:19.503"></status>
</kw>
<kw name="VerifySuccesfullRegistration" library="RegistrationKeywords">
<kw name="Page Should Contain" library="SeleniumLibrary">
<doc>Verifies that current page contains ``text``.</doc>
<arguments>
<arg>Thank you for registering.</arg>
</arguments>
<msg timestamp="20200608 12:53:19.540" level="INFO">Current page contains text 'Thank you for registering.'.</msg>
<status status="PASS" starttime="20200608 12:53:19.504" endtime="20200608 12:53:19.540"></status>
</kw>
<status status="PASS" starttime="20200608 12:53:19.504" endtime="20200608 12:53:19.541"></status>
</kw>
<kw name="Closemybrowsers" library="RegistrationKeywords">
<kw name="Close All Browsers" library="SeleniumLibrary">
<doc>Closes all open browsers and resets the browser cache.</doc>
<status status="PASS" starttime="20200608 12:53:19.541" endtime="20200608 12:53:22.220"></status>
</kw>
<status status="PASS" starttime="20200608 12:53:19.541" endtime="20200608 12:53:22.221"></status>
</kw>
<status status="PASS" starttime="20200608 12:53:08.072" endtime="20200608 12:53:22.221" critical="yes"></status>
</test>
<status status="PASS" starttime="20200608 12:53:07.712" endtime="20200608 12:53:22.222"></status>
</suite>
<status status="PASS" starttime="20200608 12:53:07.652" endtime="20200608 12:53:22.228"></status>
</suite>
<statistics>
<total>
<stat pass="1" fail="0">Critical Tests</stat>
<stat pass="1" fail="0">All Tests</stat>
</total>
<tag>
</tag>
<suite>
<stat pass="1" fail="0" id="s1" name="Suites">Suites</stat>
<stat pass="1" fail="0" id="s1-s1" name="RegistrationTest">Suites.RegistrationTest</stat>
</suite>
</statistics>
<errors>
</errors>
</robot>
