<?xml version="1.0" encoding="UTF-8"?>
<robot generator="Robot 3.2.1 (Python 3.8.2 on win32)" generated="20200608 15:24:37.287" rpa="false">
<suite id="s1" name="Suites">
<suite id="s1-s1" name="LoginTest" source="C:\Users\poje\PycharmProjects\AutomationRobot\TestCases\LoginTest.robot">
<test id="s1-s1-t1" name="LoginTest">
<kw name="Open my Browser" library="LoginKeywords">
<arguments>
<arg>${url}</arg>
<arg>${browser}</arg>
</arguments>
<kw name="Open Browser" library="SeleniumLibrary">
<doc>Opens a new browser instance to the given ``url``.</doc>
<arguments>
<arg>${url}</arg>
<arg>${browser}</arg>
</arguments>
<msg timestamp="20200608 15:24:37.792" level="INFO">Opening browser 'headlesschrome' to base url 'http://newtours.demoaut.com/'.</msg>
<status status="PASS" starttime="20200608 15:24:37.792" endtime="20200608 15:24:49.507"></status>
</kw>
<kw name="Maximize Browser Window" library="SeleniumLibrary">
<doc>Maximizes current browser window.</doc>
<status status="PASS" starttime="20200608 15:24:49.507" endtime="20200608 15:24:51.620"></status>
</kw>
<status status="PASS" starttime="20200608 15:24:37.790" endtime="20200608 15:24:51.620"></status>
</kw>
<kw name="Enter UserName" library="LoginKeywords">
<arguments>
<arg>${username}</arg>
</arguments>
<kw name="Input Text" library="SeleniumLibrary">
<doc>Types the given ``text`` into text field identified by ``locator``.</doc>
<arguments>
<arg>${txt_loginUserName}</arg>
<arg>${username}</arg>
</arguments>
<msg timestamp="20200608 15:24:51.621" level="INFO">Typing text 'tutorial' into text field 'name:userName'.</msg>
<status status="PASS" starttime="20200608 15:24:51.620" endtime="20200608 15:24:51.770"></status>
</kw>
<status status="PASS" starttime="20200608 15:24:51.620" endtime="20200608 15:24:51.770"></status>
</kw>
<kw name="Enter Password" library="LoginKeywords">
<arguments>
<arg>${password}</arg>
</arguments>
<kw name="Input Text" library="SeleniumLibrary">
<doc>Types the given ``text`` into text field identified by ``locator``.</doc>
<arguments>
<arg>${txt_loginPassword}</arg>
<arg>${password}</arg>
</arguments>
<msg timestamp="20200608 15:24:51.771" level="INFO">Typing text 'tutorial' into text field 'name:password'.</msg>
<status status="PASS" starttime="20200608 15:24:51.771" endtime="20200608 15:24:51.895"></status>
</kw>
<status status="PASS" starttime="20200608 15:24:51.770" endtime="20200608 15:24:51.895"></status>
</kw>
<kw name="Click SignIn" library="LoginKeywords">
<kw name="Click Button" library="SeleniumLibrary">
<doc>Clicks button identified by ``locator``.</doc>
<arguments>
<arg>${btn_signIn}</arg>
</arguments>
<msg timestamp="20200608 15:24:51.898" level="INFO">Clicking button 'xpath://input[@name='login']'.</msg>
<status status="PASS" starttime="20200608 15:24:51.897" endtime="20200608 15:25:12.698"></status>
</kw>
<status status="PASS" starttime="20200608 15:24:51.895" endtime="20200608 15:25:12.699"></status>
</kw>
<kw name="Sleep" library="BuiltIn">
<doc>Pauses the test executed for the given time.</doc>
<arguments>
<arg>3</arg>
</arguments>
<msg timestamp="20200608 15:25:15.701" level="INFO">Slept 3 seconds</msg>
<status status="PASS" starttime="20200608 15:25:12.699" endtime="20200608 15:25:15.702"></status>
</kw>
<kw name="Verify Succesfull Login" library="LoginKeywords">
<kw name="Title Should Be" library="SeleniumLibrary">
<doc>Verifies that current page title equals ``title``.</doc>
<arguments>
<arg>Find a Flight: Mercury Tours:</arg>
</arguments>
<msg timestamp="20200608 15:25:15.723" level="INFO">Page title is 'Find a Flight: Mercury Tours:'.</msg>
<status status="PASS" starttime="20200608 15:25:15.704" endtime="20200608 15:25:15.724"></status>
</kw>
<status status="PASS" starttime="20200608 15:25:15.702" endtime="20200608 15:25:15.725"></status>
</kw>
<kw name="Close my browsers" library="LoginKeywords">
<kw name="Close All Browsers" library="SeleniumLibrary">
<doc>Closes all open browsers and resets the browser cache.</doc>
<status status="PASS" starttime="20200608 15:25:15.727" endtime="20200608 15:25:17.884"></status>
</kw>
<status status="PASS" starttime="20200608 15:25:15.725" endtime="20200608 15:25:17.885"></status>
</kw>
<status status="PASS" starttime="20200608 15:24:37.788" endtime="20200608 15:25:17.885" critical="yes"></status>
</test>
<status status="PASS" starttime="20200608 15:24:37.337" endtime="20200608 15:25:17.886"></status>
</suite>
<status status="PASS" starttime="20200608 15:24:37.291" endtime="20200608 15:25:17.892"></status>
</suite>
<statistics>
<total>
<stat pass="1" fail="0">Critical Tests</stat>
<stat pass="1" fail="0">All Tests</stat>
</total>
<tag>
</tag>
<suite>
<stat pass="1" fail="0" id="s1" name="Suites">Suites</stat>
<stat pass="1" fail="0" id="s1-s1" name="LoginTest">Suites.LoginTest</stat>
</suite>
</statistics>
<errors>
</errors>
</robot>
